<?xml version="1.0" encoding="UTF-8"?>
<robot generator="Robot 6.1.1 (Python 3.11.4 on win32)" generated="20230813 19:51:00.783" rpa="false" schemaversion="4">
<suite id="s1" name="testBooks" source="C:\Users\krupa\Desktop\Summer2023\EECS3311\Project\project\src\main\java\testBooks.robot">
<kw name="Create Session" library="RequestsLibrary" type="SETUP">
<arg>localhost</arg>
<arg>http://localhost:8080</arg>
<doc>Create Session: create a HTTP session to a server</doc>
<msg timestamp="20230813 19:51:00.974" level="INFO">Creating Session using : alias=localhost, url=http://localhost:8080, headers={},                     cookies={}, auth=None, timeout=None, proxies=None, verify=False,                     debug=0 </msg>
<status status="PASS" starttime="20230813 19:51:00.974" endtime="20230813 19:51:00.975"/>
</kw>
<test id="s1-t1" name="addActorPass" line="9">
<kw name="Create Dictionary" library="BuiltIn">
<var>${headers}</var>
<arg>Content-Type=application/json</arg>
<doc>Creates and returns a dictionary based on the given ``items``.</doc>
<msg timestamp="20230813 19:51:00.976" level="INFO">${headers} = {'Content-Type': 'application/json'}</msg>
<status status="PASS" starttime="20230813 19:51:00.975" endtime="20230813 19:51:00.976"/>
</kw>
<kw name="Create Dictionary" library="BuiltIn">
<var>${params}</var>
<arg>name=Johnny Depp</arg>
<arg>actorId=jd1</arg>
<doc>Creates and returns a dictionary based on the given ``items``.</doc>
<msg timestamp="20230813 19:51:00.976" level="INFO">${params} = {'name': 'Johnny Depp', 'actorId': 'jd1'}</msg>
<status status="PASS" starttime="20230813 19:51:00.976" endtime="20230813 19:51:00.976"/>
</kw>
<kw name="PUT On Session" library="RequestsLibrary">
<var>${resp}</var>
<arg>localhost</arg>
<arg>/api/v1/addActor</arg>
<arg>json=${params}</arg>
<arg>headers=${headers}</arg>
<arg>expected_status=200</arg>
<doc>Sends a PUT request on a previously created HTTP Session.</doc>
<msg timestamp="20230813 19:51:01.029" level="INFO">PUT Request : url=http://localhost:8080/api/v1/addActor 
 path_url=/api/v1/addActor 
 headers={'User-Agent': 'python-requests/2.31.0', 'Accept-Encoding': 'gzip, deflate', 'Accept': '*/*', 'Connection': 'keep-alive', 'Content-Type': 'application/json', 'Content-Length': '41'} 
 body=b'{"name": "Johnny Depp", "actorId": "jd1"}' 
 </msg>
<msg timestamp="20230813 19:51:01.029" level="INFO">PUT Response : url=http://localhost:8080/api/v1/addActor 
 status=404, reason=Not Found 
 headers={'Date': 'Sun, 13 Aug 2023 23:51:01 GMT', 'Transfer-encoding': 'chunked'} 
 body=None 
 </msg>
<msg timestamp="20230813 19:51:01.030" level="FAIL">Url: http://localhost:8080/api/v1/addActor Expected status: 404 != 200</msg>
<status status="FAIL" starttime="20230813 19:51:00.977" endtime="20230813 19:51:01.037"/>
</kw>
<timeout value="30 seconds"/>
<status status="FAIL" starttime="20230813 19:51:00.975" endtime="20230813 19:51:01.038">Url: http://localhost:8080/api/v1/addActor Expected status: 404 != 200</status>
</test>
<test id="s1-t2" name="addActorPass2" line="14">
<kw name="Create Dictionary" library="BuiltIn">
<var>${headers}</var>
<arg>Content-Type=application/json</arg>
<doc>Creates and returns a dictionary based on the given ``items``.</doc>
<msg timestamp="20230813 19:51:01.041" level="INFO">${headers} = {'Content-Type': 'application/json'}</msg>
<status status="PASS" starttime="20230813 19:51:01.040" endtime="20230813 19:51:01.041"/>
</kw>
<kw name="Create Dictionary" library="BuiltIn">
<var>${params}</var>
<arg>name=Kevin Bacon</arg>
<arg>actorId=nm0000102</arg>
<doc>Creates and returns a dictionary based on the given ``items``.</doc>
<msg timestamp="20230813 19:51:01.042" level="INFO">${params} = {'name': 'Kevin Bacon', 'actorId': 'nm0000102'}</msg>
<status status="PASS" starttime="20230813 19:51:01.041" endtime="20230813 19:51:01.042"/>
</kw>
<kw name="PUT On Session" library="RequestsLibrary">
<var>${resp}</var>
<arg>localhost</arg>
<arg>/api/v1/addActor</arg>
<arg>json=${params}</arg>
<arg>headers=${headers}</arg>
<arg>expected_status=200</arg>
<doc>Sends a PUT request on a previously created HTTP Session.</doc>
<msg timestamp="20230813 19:51:01.057" level="INFO">PUT Request : url=http://localhost:8080/api/v1/addActor 
 path_url=/api/v1/addActor 
 headers={'User-Agent': 'python-requests/2.31.0', 'Accept-Encoding': 'gzip, deflate', 'Accept': '*/*', 'Connection': 'keep-alive', 'Content-Type': 'application/json', 'Content-Length': '47'} 
 body=b'{"name": "Kevin Bacon", "actorId": "nm0000102"}' 
 </msg>
<msg timestamp="20230813 19:51:01.057" level="INFO">PUT Response : url=http://localhost:8080/api/v1/addActor 
 status=404, reason=Not Found 
 headers={'Date': 'Sun, 13 Aug 2023 23:51:01 GMT', 'Transfer-encoding': 'chunked'} 
 body=None 
 </msg>
<msg timestamp="20230813 19:51:01.057" level="FAIL">Url: http://localhost:8080/api/v1/addActor Expected status: 404 != 200</msg>
<status status="FAIL" starttime="20230813 19:51:01.042" endtime="20230813 19:51:01.058"/>
</kw>
<timeout value="30 seconds"/>
<status status="FAIL" starttime="20230813 19:51:01.040" endtime="20230813 19:51:01.058">Url: http://localhost:8080/api/v1/addActor Expected status: 404 != 200</status>
</test>
<test id="s1-t3" name="addActorFail" line="19">
<kw name="Create Dictionary" library="BuiltIn">
<var>${headers}</var>
<arg>Content-Type=application/json</arg>
<doc>Creates and returns a dictionary based on the given ``items``.</doc>
<msg timestamp="20230813 19:51:01.061" level="INFO">${headers} = {'Content-Type': 'application/json'}</msg>
<status status="PASS" starttime="20230813 19:51:01.061" endtime="20230813 19:51:01.061"/>
</kw>
<kw name="Create Dictionary" library="BuiltIn">
<var>${params}</var>
<arg>name=Angelina Jolie</arg>
<doc>Creates and returns a dictionary based on the given ``items``.</doc>
<msg timestamp="20230813 19:51:01.063" level="INFO">${params} = {'name': 'Angelina Jolie'}</msg>
<status status="PASS" starttime="20230813 19:51:01.062" endtime="20230813 19:51:01.063"/>
</kw>
<kw name="PUT On Session" library="RequestsLibrary">
<var>${resp}</var>
<arg>localhost</arg>
<arg>/api/v1/addActor</arg>
<arg>json=${params}</arg>
<arg>headers=${headers}</arg>
<arg>expected_status=400</arg>
<doc>Sends a PUT request on a previously created HTTP Session.</doc>
<msg timestamp="20230813 19:51:01.073" level="INFO">PUT Request : url=http://localhost:8080/api/v1/addActor 
 path_url=/api/v1/addActor 
 headers={'User-Agent': 'python-requests/2.31.0', 'Accept-Encoding': 'gzip, deflate', 'Accept': '*/*', 'Connection': 'keep-alive', 'Content-Type': 'application/json', 'Content-Length': '26'} 
 body=b'{"name": "Angelina Jolie"}' 
 </msg>
<msg timestamp="20230813 19:51:01.073" level="INFO">PUT Response : url=http://localhost:8080/api/v1/addActor 
 status=400, reason=Bad Request 
 headers={'Date': 'Sun, 13 Aug 2023 23:51:01 GMT', 'Transfer-encoding': 'chunked'} 
 body=None 
 </msg>
<msg timestamp="20230813 19:51:01.073" level="INFO">${resp} = &lt;Response [400]&gt;</msg>
<status status="PASS" starttime="20230813 19:51:01.064" endtime="20230813 19:51:01.073"/>
</kw>
<timeout value="30 seconds"/>
<status status="PASS" starttime="20230813 19:51:01.060" endtime="20230813 19:51:01.074"/>
</test>
<test id="s1-t4" name="addMoviePass" line="24">
<kw name="Create Dictionary" library="BuiltIn">
<var>${headers}</var>
<arg>Content-Type=application/json</arg>
<doc>Creates and returns a dictionary based on the given ``items``.</doc>
<msg timestamp="20230813 19:51:01.076" level="INFO">${headers} = {'Content-Type': 'application/json'}</msg>
<status status="PASS" starttime="20230813 19:51:01.076" endtime="20230813 19:51:01.076"/>
</kw>
<kw name="Create Dictionary" library="BuiltIn">
<var>${params}</var>
<arg>name=Pirates of the Caribbean</arg>
<arg>movieId=pc1</arg>
<doc>Creates and returns a dictionary based on the given ``items``.</doc>
<msg timestamp="20230813 19:51:01.077" level="INFO">${params} = {'name': 'Pirates of the Caribbean', 'movieId': 'pc1'}</msg>
<status status="PASS" starttime="20230813 19:51:01.077" endtime="20230813 19:51:01.077"/>
</kw>
<kw name="PUT On Session" library="RequestsLibrary">
<var>${resp}</var>
<arg>localhost</arg>
<arg>/api/v1/addMovie</arg>
<arg>json=${params}</arg>
<arg>headers=${headers}</arg>
<arg>expected_status=200</arg>
<doc>Sends a PUT request on a previously created HTTP Session.</doc>
<msg timestamp="20230813 19:51:01.108" level="INFO">PUT Request : url=http://localhost:8080/api/v1/addMovie 
 path_url=/api/v1/addMovie 
 headers={'User-Agent': 'python-requests/2.31.0', 'Accept-Encoding': 'gzip, deflate', 'Accept': '*/*', 'Connection': 'keep-alive', 'Content-Type': 'application/json', 'Content-Length': '54'} 
 body=b'{"name": "Pirates of the Caribbean", "movieId": "pc1"}' 
 </msg>
<msg timestamp="20230813 19:51:01.108" level="INFO">PUT Response : url=http://localhost:8080/api/v1/addMovie 
 status=400, reason=Bad Request 
 headers={'Date': 'Sun, 13 Aug 2023 23:51:01 GMT', 'Transfer-encoding': 'chunked'} 
 body=None 
 </msg>
<msg timestamp="20230813 19:51:01.108" level="FAIL">Url: http://localhost:8080/api/v1/addMovie Expected status: 400 != 200</msg>
<status status="FAIL" starttime="20230813 19:51:01.077" endtime="20230813 19:51:01.109"/>
</kw>
<timeout value="30 seconds"/>
<status status="FAIL" starttime="20230813 19:51:01.075" endtime="20230813 19:51:01.110">Url: http://localhost:8080/api/v1/addMovie Expected status: 400 != 200</status>
</test>
<test id="s1-t5" name="addMovieFail" line="29">
<kw name="Create Dictionary" library="BuiltIn">
<var>${headers}</var>
<arg>Content-Type=application/json</arg>
<doc>Creates and returns a dictionary based on the given ``items``.</doc>
<msg timestamp="20230813 19:51:01.112" level="INFO">${headers} = {'Content-Type': 'application/json'}</msg>
<status status="PASS" starttime="20230813 19:51:01.111" endtime="20230813 19:51:01.112"/>
</kw>
<kw name="Create Dictionary" library="BuiltIn">
<var>${params}</var>
<arg>actor=Orlando Bloom</arg>
<arg>movieId=pc2</arg>
<doc>Creates and returns a dictionary based on the given ``items``.</doc>
<msg timestamp="20230813 19:51:01.112" level="INFO">${params} = {'actor': 'Orlando Bloom', 'movieId': 'pc2'}</msg>
<status status="PASS" starttime="20230813 19:51:01.112" endtime="20230813 19:51:01.112"/>
</kw>
<kw name="PUT On Session" library="RequestsLibrary">
<var>${resp}</var>
<arg>localhost</arg>
<arg>/api/v1/addMovie</arg>
<arg>json=${params}</arg>
<arg>headers=${headers}</arg>
<arg>expected_status=400</arg>
<doc>Sends a PUT request on a previously created HTTP Session.</doc>
<msg timestamp="20230813 19:51:01.116" level="INFO">PUT Request : url=http://localhost:8080/api/v1/addMovie 
 path_url=/api/v1/addMovie 
 headers={'User-Agent': 'python-requests/2.31.0', 'Accept-Encoding': 'gzip, deflate', 'Accept': '*/*', 'Connection': 'keep-alive', 'Content-Type': 'application/json', 'Content-Length': '44'} 
 body=b'{"actor": "Orlando Bloom", "movieId": "pc2"}' 
 </msg>
<msg timestamp="20230813 19:51:01.116" level="INFO">PUT Response : url=http://localhost:8080/api/v1/addMovie 
 status=400, reason=Bad Request 
 headers={'Date': 'Sun, 13 Aug 2023 23:51:01 GMT', 'Transfer-encoding': 'chunked'} 
 body=None 
 </msg>
<msg timestamp="20230813 19:51:01.116" level="INFO">${resp} = &lt;Response [400]&gt;</msg>
<status status="PASS" starttime="20230813 19:51:01.113" endtime="20230813 19:51:01.116"/>
</kw>
<timeout value="30 seconds"/>
<status status="PASS" starttime="20230813 19:51:01.111" endtime="20230813 19:51:01.117"/>
</test>
<test id="s1-t6" name="addRelationshipPass" line="34">
<kw name="Create Dictionary" library="BuiltIn">
<var>${headers}</var>
<arg>Content-Type=application/json</arg>
<doc>Creates and returns a dictionary based on the given ``items``.</doc>
<msg timestamp="20230813 19:51:01.120" level="INFO">${headers} = {'Content-Type': 'application/json'}</msg>
<status status="PASS" starttime="20230813 19:51:01.120" endtime="20230813 19:51:01.120"/>
</kw>
<kw name="Create Dictionary" library="BuiltIn">
<var>${params}</var>
<arg>actorId=jd1</arg>
<arg>movieId=pc1</arg>
<doc>Creates and returns a dictionary based on the given ``items``.</doc>
<msg timestamp="20230813 19:51:01.121" level="INFO">${params} = {'actorId': 'jd1', 'movieId': 'pc1'}</msg>
<status status="PASS" starttime="20230813 19:51:01.121" endtime="20230813 19:51:01.121"/>
</kw>
<kw name="PUT On Session" library="RequestsLibrary">
<var>${resp}</var>
<arg>localhost</arg>
<arg>/api/v1/addRelationship</arg>
<arg>json=${params}</arg>
<arg>headers=${headers}</arg>
<arg>expected_status=200</arg>
<doc>Sends a PUT request on a previously created HTTP Session.</doc>
<msg timestamp="20230813 19:51:01.150" level="INFO">PUT Request : url=http://localhost:8080/api/v1/addRelationship 
 path_url=/api/v1/addRelationship 
 headers={'User-Agent': 'python-requests/2.31.0', 'Accept-Encoding': 'gzip, deflate', 'Accept': '*/*', 'Connection': 'keep-alive', 'Content-Type': 'application/json', 'Content-Length': '36'} 
 body=b'{"actorId": "jd1", "movieId": "pc1"}' 
 </msg>
<msg timestamp="20230813 19:51:01.150" level="INFO">PUT Response : url=http://localhost:8080/api/v1/addRelationship 
 status=400, reason=Bad Request 
 headers={'Date': 'Sun, 13 Aug 2023 23:51:01 GMT', 'Transfer-encoding': 'chunked'} 
 body=None 
 </msg>
<msg timestamp="20230813 19:51:01.150" level="FAIL">Url: http://localhost:8080/api/v1/addRelationship Expected status: 400 != 200</msg>
<status status="FAIL" starttime="20230813 19:51:01.121" endtime="20230813 19:51:01.151"/>
</kw>
<timeout value="30 seconds"/>
<status status="FAIL" starttime="20230813 19:51:01.118" endtime="20230813 19:51:01.153">Url: http://localhost:8080/api/v1/addRelationship Expected status: 400 != 200</status>
</test>
<test id="s1-t7" name="addRelationshipPass2" line="39">
<kw name="Create Dictionary" library="BuiltIn">
<var>${headers}</var>
<arg>Content-Type=application/json</arg>
<doc>Creates and returns a dictionary based on the given ``items``.</doc>
<msg timestamp="20230813 19:51:01.155" level="INFO">${headers} = {'Content-Type': 'application/json'}</msg>
<status status="PASS" starttime="20230813 19:51:01.154" endtime="20230813 19:51:01.155"/>
</kw>
<kw name="Create Dictionary" library="BuiltIn">
<var>${params}</var>
<arg>actorId=nm0000102</arg>
<arg>movieId=pc1</arg>
<doc>Creates and returns a dictionary based on the given ``items``.</doc>
<msg timestamp="20230813 19:51:01.155" level="INFO">${params} = {'actorId': 'nm0000102', 'movieId': 'pc1'}</msg>
<status status="PASS" starttime="20230813 19:51:01.155" endtime="20230813 19:51:01.155"/>
</kw>
<kw name="PUT On Session" library="RequestsLibrary">
<var>${resp}</var>
<arg>localhost</arg>
<arg>/api/v1/addRelationship</arg>
<arg>json=${params}</arg>
<arg>headers=${headers}</arg>
<arg>expected_status=200</arg>
<doc>Sends a PUT request on a previously created HTTP Session.</doc>
<msg timestamp="20230813 19:51:01.185" level="INFO">PUT Request : url=http://localhost:8080/api/v1/addRelationship 
 path_url=/api/v1/addRelationship 
 headers={'User-Agent': 'python-requests/2.31.0', 'Accept-Encoding': 'gzip, deflate', 'Accept': '*/*', 'Connection': 'keep-alive', 'Content-Type': 'application/json', 'Content-Length': '42'} 
 body=b'{"actorId": "nm0000102", "movieId": "pc1"}' 
 </msg>
<msg timestamp="20230813 19:51:01.185" level="INFO">PUT Response : url=http://localhost:8080/api/v1/addRelationship 
 status=400, reason=Bad Request 
 headers={'Date': 'Sun, 13 Aug 2023 23:51:01 GMT', 'Transfer-encoding': 'chunked'} 
 body=None 
 </msg>
<msg timestamp="20230813 19:51:01.186" level="FAIL">Url: http://localhost:8080/api/v1/addRelationship Expected status: 400 != 200</msg>
<status status="FAIL" starttime="20230813 19:51:01.156" endtime="20230813 19:51:01.187"/>
</kw>
<timeout value="30 seconds"/>
<status status="FAIL" starttime="20230813 19:51:01.154" endtime="20230813 19:51:01.188">Url: http://localhost:8080/api/v1/addRelationship Expected status: 400 != 200</status>
</test>
<test id="s1-t8" name="addRelationshipFail" line="44">
<kw name="Create Dictionary" library="BuiltIn">
<var>${headers}</var>
<arg>Content-Type=application/json</arg>
<doc>Creates and returns a dictionary based on the given ``items``.</doc>
<msg timestamp="20230813 19:51:01.191" level="INFO">${headers} = {'Content-Type': 'application/json'}</msg>
<status status="PASS" starttime="20230813 19:51:01.190" endtime="20230813 19:51:01.191"/>
</kw>
<kw name="Create Dictionary" library="BuiltIn">
<var>${params}</var>
<arg>actorId=aj1</arg>
<arg>movieId=pc1</arg>
<doc>Creates and returns a dictionary based on the given ``items``.</doc>
<msg timestamp="20230813 19:51:01.192" level="INFO">${params} = {'actorId': 'aj1', 'movieId': 'pc1'}</msg>
<status status="PASS" starttime="20230813 19:51:01.191" endtime="20230813 19:51:01.192"/>
</kw>
<kw name="PUT On Session" library="RequestsLibrary">
<var>${resp}</var>
<arg>localhost</arg>
<arg>/api/v1/addRelationship</arg>
<arg>json=${params}</arg>
<arg>headers=${headers}</arg>
<arg>expected_status=404</arg>
<doc>Sends a PUT request on a previously created HTTP Session.</doc>
<msg timestamp="20230813 19:51:01.207" level="INFO">PUT Request : url=http://localhost:8080/api/v1/addRelationship 
 path_url=/api/v1/addRelationship 
 headers={'User-Agent': 'python-requests/2.31.0', 'Accept-Encoding': 'gzip, deflate', 'Accept': '*/*', 'Connection': 'keep-alive', 'Content-Type': 'application/json', 'Content-Length': '36'} 
 body=b'{"actorId": "aj1", "movieId": "pc1"}' 
 </msg>
<msg timestamp="20230813 19:51:01.207" level="INFO">PUT Response : url=http://localhost:8080/api/v1/addRelationship 
 status=404, reason=Not Found 
 headers={'Date': 'Sun, 13 Aug 2023 23:51:01 GMT', 'Transfer-encoding': 'chunked'} 
 body=None 
 </msg>
<msg timestamp="20230813 19:51:01.208" level="INFO">${resp} = &lt;Response [404]&gt;</msg>
<status status="PASS" starttime="20230813 19:51:01.192" endtime="20230813 19:51:01.208"/>
</kw>
<timeout value="30 seconds"/>
<status status="PASS" starttime="20230813 19:51:01.189" endtime="20230813 19:51:01.208"/>
</test>
<test id="s1-t9" name="addNationalityPass" line="49">
<kw name="Create Dictionary" library="BuiltIn">
<var>${headers}</var>
<arg>Content-Type=application/json</arg>
<doc>Creates and returns a dictionary based on the given ``items``.</doc>
<msg timestamp="20230813 19:51:01.211" level="INFO">${headers} = {'Content-Type': 'application/json'}</msg>
<status status="PASS" starttime="20230813 19:51:01.210" endtime="20230813 19:51:01.211"/>
</kw>
<kw name="Create Dictionary" library="BuiltIn">
<var>${params}</var>
<arg>actorId=jd1</arg>
<arg>nationality=American</arg>
<doc>Creates and returns a dictionary based on the given ``items``.</doc>
<msg timestamp="20230813 19:51:01.212" level="INFO">${params} = {'actorId': 'jd1', 'nationality': 'American'}</msg>
<status status="PASS" starttime="20230813 19:51:01.211" endtime="20230813 19:51:01.212"/>
</kw>
<kw name="PUT On Session" library="RequestsLibrary">
<var>${resp}</var>
<arg>localhost</arg>
<arg>/api/v1/addNationality</arg>
<arg>json=${params}</arg>
<arg>headers=${headers}</arg>
<arg>expected_status=200</arg>
<doc>Sends a PUT request on a previously created HTTP Session.</doc>
<msg timestamp="20230813 19:51:01.227" level="INFO">PUT Request : url=http://localhost:8080/api/v1/addNationality 
 path_url=/api/v1/addNationality 
 headers={'User-Agent': 'python-requests/2.31.0', 'Accept-Encoding': 'gzip, deflate', 'Accept': '*/*', 'Connection': 'keep-alive', 'Content-Type': 'application/json', 'Content-Length': '45'} 
 body=b'{"actorId": "jd1", "nationality": "American"}' 
 </msg>
<msg timestamp="20230813 19:51:01.227" level="INFO">PUT Response : url=http://localhost:8080/api/v1/addNationality 
 status=404, reason=Not Found 
 headers={'Date': 'Sun, 13 Aug 2023 23:51:01 GMT', 'Transfer-encoding': 'chunked'} 
 body=None 
 </msg>
<msg timestamp="20230813 19:51:01.227" level="FAIL">Url: http://localhost:8080/api/v1/addNationality Expected status: 404 != 200</msg>
<status status="FAIL" starttime="20230813 19:51:01.212" endtime="20230813 19:51:01.228"/>
</kw>
<timeout value="30 seconds"/>
<status status="FAIL" starttime="20230813 19:51:01.209" endtime="20230813 19:51:01.228">Url: http://localhost:8080/api/v1/addNationality Expected status: 404 != 200</status>
</test>
<test id="s1-t10" name="addNationalityFail" line="54">
<kw name="Create Dictionary" library="BuiltIn">
<var>${headers}</var>
<arg>Content-Type=application/json</arg>
<doc>Creates and returns a dictionary based on the given ``items``.</doc>
<msg timestamp="20230813 19:51:01.231" level="INFO">${headers} = {'Content-Type': 'application/json'}</msg>
<status status="PASS" starttime="20230813 19:51:01.230" endtime="20230813 19:51:01.231"/>
</kw>
<kw name="Create Dictionary" library="BuiltIn">
<var>${params}</var>
<arg>actorId=jd1</arg>
<doc>Creates and returns a dictionary based on the given ``items``.</doc>
<msg timestamp="20230813 19:51:01.231" level="INFO">${params} = {'actorId': 'jd1'}</msg>
<status status="PASS" starttime="20230813 19:51:01.231" endtime="20230813 19:51:01.231"/>
</kw>
<kw name="PUT On Session" library="RequestsLibrary">
<var>${resp}</var>
<arg>localhost</arg>
<arg>/api/v1/addMovie</arg>
<arg>json=${params}</arg>
<arg>headers=${headers}</arg>
<arg>expected_status=400</arg>
<doc>Sends a PUT request on a previously created HTTP Session.</doc>
<msg timestamp="20230813 19:51:01.240" level="INFO">PUT Request : url=http://localhost:8080/api/v1/addMovie 
 path_url=/api/v1/addMovie 
 headers={'User-Agent': 'python-requests/2.31.0', 'Accept-Encoding': 'gzip, deflate', 'Accept': '*/*', 'Connection': 'keep-alive', 'Content-Type': 'application/json', 'Content-Length': '18'} 
 body=b'{"actorId": "jd1"}' 
 </msg>
<msg timestamp="20230813 19:51:01.240" level="INFO">PUT Response : url=http://localhost:8080/api/v1/addMovie 
 status=400, reason=Bad Request 
 headers={'Date': 'Sun, 13 Aug 2023 23:51:01 GMT', 'Transfer-encoding': 'chunked'} 
 body=None 
 </msg>
<msg timestamp="20230813 19:51:01.241" level="INFO">${resp} = &lt;Response [400]&gt;</msg>
<status status="PASS" starttime="20230813 19:51:01.232" endtime="20230813 19:51:01.241"/>
</kw>
<timeout value="30 seconds"/>
<status status="PASS" starttime="20230813 19:51:01.230" endtime="20230813 19:51:01.242"/>
</test>
<test id="s1-t11" name="getActorPass" line="59">
<kw name="Create Dictionary" library="BuiltIn">
<var>${headers}</var>
<arg>Content-Type=application/json</arg>
<doc>Creates and returns a dictionary based on the given ``items``.</doc>
<msg timestamp="20230813 19:51:01.248" level="INFO">${headers} = {'Content-Type': 'application/json'}</msg>
<status status="PASS" starttime="20230813 19:51:01.248" endtime="20230813 19:51:01.248"/>
</kw>
<kw name="Create Dictionary" library="BuiltIn">
<var>${params}</var>
<arg>actorId=jd1</arg>
<doc>Creates and returns a dictionary based on the given ``items``.</doc>
<msg timestamp="20230813 19:51:01.249" level="INFO">${params} = {'actorId': 'jd1'}</msg>
<status status="PASS" starttime="20230813 19:51:01.249" endtime="20230813 19:51:01.250"/>
</kw>
<kw name="GET On Session" library="RequestsLibrary">
<var>${resp}</var>
<arg>localhost</arg>
<arg>/api/v1/getActor</arg>
<arg>params=${params}</arg>
<arg>headers=${headers}</arg>
<arg>expected_status=200</arg>
<doc>Sends a GET request on a previously created HTTP Session.</doc>
<msg timestamp="20230813 19:51:01.279" level="INFO">GET Request : url=http://localhost:8080/api/v1/getActor?actorId=jd1 
 path_url=/api/v1/getActor?actorId=jd1 
 headers={'User-Agent': 'python-requests/2.31.0', 'Accept-Encoding': 'gzip, deflate', 'Accept': '*/*', 'Connection': 'keep-alive', 'Content-Type': 'application/json'} 
 body=None 
 </msg>
<msg timestamp="20230813 19:51:01.289" level="INFO">GET Response : url=http://localhost:8080/api/v1/getActor?actorId=jd1 
 status=200, reason=OK 
 headers={'Date': 'Sun, 13 Aug 2023 23:51:01 GMT', 'Content-length': '80'} 
 body={"movies":["pc1"],"actorId":"jd1","nationality":"American","name":"Johnny Depp"} 
 </msg>
<msg timestamp="20230813 19:51:01.289" level="INFO">${resp} = &lt;Response [200]&gt;</msg>
<status status="PASS" starttime="20230813 19:51:01.250" endtime="20230813 19:51:01.289"/>
</kw>
<kw name="Dictionary Should Contain Value" library="Collections">
<arg>${resp.json()}</arg>
<arg>Johnny Depp</arg>
<doc>Fails if ``value`` is not found from ``dictionary``.</doc>
<status status="PASS" starttime="20230813 19:51:01.290" endtime="20230813 19:51:01.291"/>
</kw>
<timeout value="30 seconds"/>
<status status="PASS" starttime="20230813 19:51:01.245" endtime="20230813 19:51:01.291"/>
</test>
<test id="s1-t12" name="getActorFail" line="65">
<kw name="Create Dictionary" library="BuiltIn">
<var>${headers}</var>
<arg>Content-Type=application/json</arg>
<doc>Creates and returns a dictionary based on the given ``items``.</doc>
<msg timestamp="20230813 19:51:01.294" level="INFO">${headers} = {'Content-Type': 'application/json'}</msg>
<status status="PASS" starttime="20230813 19:51:01.293" endtime="20230813 19:51:01.294"/>
</kw>
<kw name="Create Dictionary" library="BuiltIn">
<var>${params}</var>
<arg>actorId=aj1</arg>
<doc>Creates and returns a dictionary based on the given ``items``.</doc>
<msg timestamp="20230813 19:51:01.294" level="INFO">${params} = {'actorId': 'aj1'}</msg>
<status status="PASS" starttime="20230813 19:51:01.294" endtime="20230813 19:51:01.294"/>
</kw>
<kw name="GET On Session" library="RequestsLibrary">
<var>${resp}</var>
<arg>localhost</arg>
<arg>/api/v1/getActor</arg>
<arg>params=${params}</arg>
<arg>headers=${headers}</arg>
<arg>expected_status=404</arg>
<doc>Sends a GET request on a previously created HTTP Session.</doc>
<msg timestamp="20230813 19:51:01.312" level="INFO">GET Request : url=http://localhost:8080/api/v1/getActor?actorId=aj1 
 path_url=/api/v1/getActor?actorId=aj1 
 headers={'User-Agent': 'python-requests/2.31.0', 'Accept-Encoding': 'gzip, deflate', 'Accept': '*/*', 'Connection': 'keep-alive', 'Content-Type': 'application/json'} 
 body=None 
 </msg>
<msg timestamp="20230813 19:51:01.312" level="INFO">GET Response : url=http://localhost:8080/api/v1/getActor?actorId=aj1 
 status=404, reason=Not Found 
 headers={'Date': 'Sun, 13 Aug 2023 23:51:01 GMT', 'Transfer-encoding': 'chunked'} 
 body=None 
 </msg>
<msg timestamp="20230813 19:51:01.313" level="INFO">${resp} = &lt;Response [404]&gt;</msg>
<status status="PASS" starttime="20230813 19:51:01.294" endtime="20230813 19:51:01.313"/>
</kw>
<timeout value="30 seconds"/>
<status status="PASS" starttime="20230813 19:51:01.293" endtime="20230813 19:51:01.314"/>
</test>
<test id="s1-t13" name="getMoviePass" line="70">
<kw name="Create Dictionary" library="BuiltIn">
<var>${headers}</var>
<arg>Content-Type=application/json</arg>
<doc>Creates and returns a dictionary based on the given ``items``.</doc>
<msg timestamp="20230813 19:51:01.316" level="INFO">${headers} = {'Content-Type': 'application/json'}</msg>
<status status="PASS" starttime="20230813 19:51:01.316" endtime="20230813 19:51:01.316"/>
</kw>
<kw name="Create Dictionary" library="BuiltIn">
<var>${params}</var>
<arg>movieId=pc1</arg>
<doc>Creates and returns a dictionary based on the given ``items``.</doc>
<msg timestamp="20230813 19:51:01.320" level="INFO">${params} = {'movieId': 'pc1'}</msg>
<status status="PASS" starttime="20230813 19:51:01.319" endtime="20230813 19:51:01.320"/>
</kw>
<kw name="GET On Session" library="RequestsLibrary">
<var>${resp}</var>
<arg>localhost</arg>
<arg>/api/v1/getMovie</arg>
<arg>params=${params}</arg>
<arg>headers=${headers}</arg>
<arg>expected_status=200</arg>
<doc>Sends a GET request on a previously created HTTP Session.</doc>
<msg timestamp="20230813 19:51:01.336" level="INFO">GET Request : url=http://localhost:8080/api/v1/getMovie?movieId=pc1 
 path_url=/api/v1/getMovie?movieId=pc1 
 headers={'User-Agent': 'python-requests/2.31.0', 'Accept-Encoding': 'gzip, deflate', 'Accept': '*/*', 'Connection': 'keep-alive', 'Content-Type': 'application/json'} 
 body=None 
 </msg>
<msg timestamp="20230813 19:51:01.337" level="INFO">GET Response : url=http://localhost:8080/api/v1/getMovie?movieId=pc1 
 status=200, reason=OK 
 headers={'Date': 'Sun, 13 Aug 2023 23:51:01 GMT', 'Content-length': '80'} 
 body={"actors":["jd1","nm0000102"],"name":"Pirates of the Caribbean","movieId":"pc1"} 
 </msg>
<msg timestamp="20230813 19:51:01.338" level="INFO">${resp} = &lt;Response [200]&gt;</msg>
<status status="PASS" starttime="20230813 19:51:01.321" endtime="20230813 19:51:01.338"/>
</kw>
<kw name="Dictionary Should Contain Value" library="Collections">
<arg>${resp.json()}</arg>
<arg>Pirates of the Caribbean</arg>
<doc>Fails if ``value`` is not found from ``dictionary``.</doc>
<status status="PASS" starttime="20230813 19:51:01.339" endtime="20230813 19:51:01.342"/>
</kw>
<timeout value="30 seconds"/>
<status status="PASS" starttime="20230813 19:51:01.315" endtime="20230813 19:51:01.343"/>
</test>
<test id="s1-t14" name="getMovieFail" line="76">
<kw name="Create Dictionary" library="BuiltIn">
<var>${headers}</var>
<arg>Content-Type=application/json</arg>
<doc>Creates and returns a dictionary based on the given ``items``.</doc>
<msg timestamp="20230813 19:51:01.350" level="INFO">${headers} = {'Content-Type': 'application/json'}</msg>
<status status="PASS" starttime="20230813 19:51:01.347" endtime="20230813 19:51:01.350"/>
</kw>
<kw name="Create Dictionary" library="BuiltIn">
<var>${params}</var>
<arg>movieId=invalid</arg>
<doc>Creates and returns a dictionary based on the given ``items``.</doc>
<msg timestamp="20230813 19:51:01.353" level="INFO">${params} = {'movieId': 'invalid'}</msg>
<status status="PASS" starttime="20230813 19:51:01.352" endtime="20230813 19:51:01.353"/>
</kw>
<kw name="GET On Session" library="RequestsLibrary">
<var>${resp}</var>
<arg>localhost</arg>
<arg>/api/v1/getMovie</arg>
<arg>params=${params}</arg>
<arg>headers=${headers}</arg>
<arg>expected_status=404</arg>
<doc>Sends a GET request on a previously created HTTP Session.</doc>
<msg timestamp="20230813 19:51:01.363" level="INFO">GET Request : url=http://localhost:8080/api/v1/getMovie?movieId=invalid 
 path_url=/api/v1/getMovie?movieId=invalid 
 headers={'User-Agent': 'python-requests/2.31.0', 'Accept-Encoding': 'gzip, deflate', 'Accept': '*/*', 'Connection': 'keep-alive', 'Content-Type': 'application/json'} 
 body=None 
 </msg>
<msg timestamp="20230813 19:51:01.363" level="INFO">GET Response : url=http://localhost:8080/api/v1/getMovie?movieId=invalid 
 status=404, reason=Not Found 
 headers={'Date': 'Sun, 13 Aug 2023 23:51:01 GMT', 'Transfer-encoding': 'chunked'} 
 body=None 
 </msg>
<msg timestamp="20230813 19:51:01.364" level="INFO">${resp} = &lt;Response [404]&gt;</msg>
<status status="PASS" starttime="20230813 19:51:01.354" endtime="20230813 19:51:01.364"/>
</kw>
<timeout value="30 seconds"/>
<status status="PASS" starttime="20230813 19:51:01.345" endtime="20230813 19:51:01.365"/>
</test>
<test id="s1-t15" name="hasRelationshipPass" line="81">
<kw name="Create Dictionary" library="BuiltIn">
<var>${headers}</var>
<arg>Content-Type=application/json</arg>
<doc>Creates and returns a dictionary based on the given ``items``.</doc>
<msg timestamp="20230813 19:51:01.367" level="INFO">${headers} = {'Content-Type': 'application/json'}</msg>
<status status="PASS" starttime="20230813 19:51:01.367" endtime="20230813 19:51:01.367"/>
</kw>
<kw name="Create Dictionary" library="BuiltIn">
<var>${params}</var>
<arg>actorId=jd1</arg>
<arg>movieId=pc1</arg>
<doc>Creates and returns a dictionary based on the given ``items``.</doc>
<msg timestamp="20230813 19:51:01.369" level="INFO">${params} = {'actorId': 'jd1', 'movieId': 'pc1'}</msg>
<status status="PASS" starttime="20230813 19:51:01.368" endtime="20230813 19:51:01.369"/>
</kw>
<kw name="GET On Session" library="RequestsLibrary">
<var>${resp}</var>
<arg>localhost</arg>
<arg>/api/v1/hasRelationship</arg>
<arg>params=${params}</arg>
<arg>headers=${headers}</arg>
<arg>expected_status=200</arg>
<doc>Sends a GET request on a previously created HTTP Session.</doc>
<msg timestamp="20230813 19:51:01.399" level="INFO">GET Request : url=http://localhost:8080/api/v1/hasRelationship?actorId=jd1&amp;movieId=pc1 
 path_url=/api/v1/hasRelationship?actorId=jd1&amp;movieId=pc1 
 headers={'User-Agent': 'python-requests/2.31.0', 'Accept-Encoding': 'gzip, deflate', 'Accept': '*/*', 'Connection': 'keep-alive', 'Content-Type': 'application/json'} 
 body=None 
 </msg>
<msg timestamp="20230813 19:51:01.399" level="INFO">GET Response : url=http://localhost:8080/api/v1/hasRelationship?actorId=jd1&amp;movieId=pc1 
 status=200, reason=OK 
 headers={'Date': 'Sun, 13 Aug 2023 23:51:01 GMT', 'Content-length': '56'} 
 body={"actorId":"jd1","movieId":"pc1","hasRelationship":true} 
 </msg>
<msg timestamp="20230813 19:51:01.399" level="INFO">${resp} = &lt;Response [200]&gt;</msg>
<status status="PASS" starttime="20230813 19:51:01.370" endtime="20230813 19:51:01.399"/>
</kw>
<kw name="Dictionary Should Contain Value" library="Collections">
<arg>${resp.json()}</arg>
<arg>${true}</arg>
<doc>Fails if ``value`` is not found from ``dictionary``.</doc>
<status status="PASS" starttime="20230813 19:51:01.400" endtime="20230813 19:51:01.402"/>
</kw>
<timeout value="30 seconds"/>
<status status="PASS" starttime="20230813 19:51:01.366" endtime="20230813 19:51:01.405"/>
</test>
<test id="s1-t16" name="hasRelationshipFail" line="87">
<kw name="Create Dictionary" library="BuiltIn">
<var>${headers}</var>
<arg>Content-Type=application/json</arg>
<doc>Creates and returns a dictionary based on the given ``items``.</doc>
<msg timestamp="20230813 19:51:01.410" level="INFO">${headers} = {'Content-Type': 'application/json'}</msg>
<status status="PASS" starttime="20230813 19:51:01.409" endtime="20230813 19:51:01.410"/>
</kw>
<kw name="Create Dictionary" library="BuiltIn">
<var>${params}</var>
<arg>actorId=aj1</arg>
<arg>movieId=pc1</arg>
<doc>Creates and returns a dictionary based on the given ``items``.</doc>
<msg timestamp="20230813 19:51:01.412" level="INFO">${params} = {'actorId': 'aj1', 'movieId': 'pc1'}</msg>
<status status="PASS" starttime="20230813 19:51:01.412" endtime="20230813 19:51:01.412"/>
</kw>
<kw name="GET On Session" library="RequestsLibrary">
<var>${resp}</var>
<arg>localhost</arg>
<arg>/api/v1/hasRelationship</arg>
<arg>params=${params}</arg>
<arg>headers=${headers}</arg>
<arg>expected_status=404</arg>
<doc>Sends a GET request on a previously created HTTP Session.</doc>
<msg timestamp="20230813 19:51:01.428" level="INFO">GET Request : url=http://localhost:8080/api/v1/hasRelationship?actorId=aj1&amp;movieId=pc1 
 path_url=/api/v1/hasRelationship?actorId=aj1&amp;movieId=pc1 
 headers={'User-Agent': 'python-requests/2.31.0', 'Accept-Encoding': 'gzip, deflate', 'Accept': '*/*', 'Connection': 'keep-alive', 'Content-Type': 'application/json'} 
 body=None 
 </msg>
<msg timestamp="20230813 19:51:01.428" level="INFO">GET Response : url=http://localhost:8080/api/v1/hasRelationship?actorId=aj1&amp;movieId=pc1 
 status=404, reason=Not Found 
 headers={'Date': 'Sun, 13 Aug 2023 23:51:01 GMT', 'Transfer-encoding': 'chunked'} 
 body=None 
 </msg>
<msg timestamp="20230813 19:51:01.428" level="INFO">${resp} = &lt;Response [404]&gt;</msg>
<status status="PASS" starttime="20230813 19:51:01.413" endtime="20230813 19:51:01.429"/>
</kw>
<timeout value="30 seconds"/>
<status status="PASS" starttime="20230813 19:51:01.407" endtime="20230813 19:51:01.429"/>
</test>
<test id="s1-t17" name="getNationalityPass" line="92">
<kw name="Create Dictionary" library="BuiltIn">
<var>${headers}</var>
<arg>Content-Type=application/json</arg>
<doc>Creates and returns a dictionary based on the given ``items``.</doc>
<msg timestamp="20230813 19:51:01.432" level="INFO">${headers} = {'Content-Type': 'application/json'}</msg>
<status status="PASS" starttime="20230813 19:51:01.432" endtime="20230813 19:51:01.432"/>
</kw>
<kw name="Create Dictionary" library="BuiltIn">
<var>${params}</var>
<arg>nationality=American</arg>
<doc>Creates and returns a dictionary based on the given ``items``.</doc>
<msg timestamp="20230813 19:51:01.433" level="INFO">${params} = {'nationality': 'American'}</msg>
<status status="PASS" starttime="20230813 19:51:01.433" endtime="20230813 19:51:01.433"/>
</kw>
<kw name="GET On Session" library="RequestsLibrary">
<var>${resp}</var>
<arg>localhost</arg>
<arg>/api/v1/getNationality</arg>
<arg>params=${params}</arg>
<arg>headers=${headers}</arg>
<arg>expected_status=200</arg>
<doc>Sends a GET request on a previously created HTTP Session.</doc>
<msg timestamp="20230813 19:51:01.458" level="INFO">GET Request : url=http://localhost:8080/api/v1/getNationality?nationality=American 
 path_url=/api/v1/getNationality?nationality=American 
 headers={'User-Agent': 'python-requests/2.31.0', 'Accept-Encoding': 'gzip, deflate', 'Accept': '*/*', 'Connection': 'keep-alive', 'Content-Type': 'application/json'} 
 body=None 
 </msg>
<msg timestamp="20230813 19:51:01.458" level="INFO">GET Response : url=http://localhost:8080/api/v1/getNationality?nationality=American 
 status=200, reason=OK 
 headers={'Date': 'Sun, 13 Aug 2023 23:51:01 GMT', 'Content-length': '26'} 
 body={"actors":["Johnny Depp"]} 
 </msg>
<msg timestamp="20230813 19:51:01.459" level="INFO">${resp} = &lt;Response [200]&gt;</msg>
<status status="PASS" starttime="20230813 19:51:01.433" endtime="20230813 19:51:01.459"/>
</kw>
<kw name="Get From Dictionary" library="Collections">
<var>${value}</var>
<arg>${resp.json()}</arg>
<arg>actors</arg>
<doc>Returns a value from the given ``dictionary`` based on the given ``key``.</doc>
<msg timestamp="20230813 19:51:01.462" level="INFO">${value} = ['Johnny Depp']</msg>
<status status="PASS" starttime="20230813 19:51:01.460" endtime="20230813 19:51:01.462"/>
</kw>
<kw name="Should Be Equal As Strings" library="BuiltIn">
<arg>${value}</arg>
<arg>['Johnny Depp']</arg>
<doc>Fails if objects are unequal after converting them to strings.</doc>
<msg timestamp="20230813 19:51:01.463" level="INFO">Argument types are:
&lt;class 'list'&gt;
&lt;class 'str'&gt;</msg>
<status status="PASS" starttime="20230813 19:51:01.462" endtime="20230813 19:51:01.463"/>
</kw>
<timeout value="30 seconds"/>
<status status="PASS" starttime="20230813 19:51:01.431" endtime="20230813 19:51:01.464"/>
</test>
<test id="s1-t18" name="getNationalityFail" line="101">
<kw name="Create Dictionary" library="BuiltIn">
<var>${headers}</var>
<arg>Content-Type=application/json</arg>
<doc>Creates and returns a dictionary based on the given ``items``.</doc>
<msg timestamp="20230813 19:51:01.467" level="INFO">${headers} = {'Content-Type': 'application/json'}</msg>
<status status="PASS" starttime="20230813 19:51:01.467" endtime="20230813 19:51:01.467"/>
</kw>
<kw name="Create Dictionary" library="BuiltIn">
<var>${params}</var>
<arg>nationality=Indian</arg>
<doc>Creates and returns a dictionary based on the given ``items``.</doc>
<msg timestamp="20230813 19:51:01.469" level="INFO">${params} = {'nationality': 'Indian'}</msg>
<status status="PASS" starttime="20230813 19:51:01.468" endtime="20230813 19:51:01.469"/>
</kw>
<kw name="GET On Session" library="RequestsLibrary">
<var>${resp}</var>
<arg>localhost</arg>
<arg>/api/v1/getNationality</arg>
<arg>params=${params}</arg>
<arg>headers=${headers}</arg>
<arg>expected_status=404</arg>
<doc>Sends a GET request on a previously created HTTP Session.</doc>
<msg timestamp="20230813 19:51:01.493" level="INFO">GET Request : url=http://localhost:8080/api/v1/getNationality?nationality=Indian 
 path_url=/api/v1/getNationality?nationality=Indian 
 headers={'User-Agent': 'python-requests/2.31.0', 'Accept-Encoding': 'gzip, deflate', 'Accept': '*/*', 'Connection': 'keep-alive', 'Content-Type': 'application/json'} 
 body=None 
 </msg>
<msg timestamp="20230813 19:51:01.493" level="INFO">GET Response : url=http://localhost:8080/api/v1/getNationality?nationality=Indian 
 status=404, reason=Not Found 
 headers={'Date': 'Sun, 13 Aug 2023 23:51:01 GMT', 'Transfer-encoding': 'chunked'} 
 body=None 
 </msg>
<msg timestamp="20230813 19:51:01.493" level="INFO">${resp} = &lt;Response [404]&gt;</msg>
<status status="PASS" starttime="20230813 19:51:01.470" endtime="20230813 19:51:01.493"/>
</kw>
<timeout value="30 seconds"/>
<status status="PASS" starttime="20230813 19:51:01.465" endtime="20230813 19:51:01.494"/>
</test>
<test id="s1-t19" name="computeBaconNumberPass" line="107">
<kw name="Create Dictionary" library="BuiltIn">
<var>${headers}</var>
<arg>Content-Type=application/json</arg>
<doc>Creates and returns a dictionary based on the given ``items``.</doc>
<msg timestamp="20230813 19:51:01.497" level="INFO">${headers} = {'Content-Type': 'application/json'}</msg>
<status status="PASS" starttime="20230813 19:51:01.496" endtime="20230813 19:51:01.497"/>
</kw>
<kw name="Create Dictionary" library="BuiltIn">
<var>${params}</var>
<arg>actorId=nm0000102</arg>
<doc>Creates and returns a dictionary based on the given ``items``.</doc>
<msg timestamp="20230813 19:51:01.497" level="INFO">${params} = {'actorId': 'nm0000102'}</msg>
<status status="PASS" starttime="20230813 19:51:01.497" endtime="20230813 19:51:01.497"/>
</kw>
<kw name="GET On Session" library="RequestsLibrary">
<var>${resp}</var>
<arg>localhost</arg>
<arg>/api/v1/computeBaconNumber</arg>
<arg>params=${params}</arg>
<arg>headers=${headers}</arg>
<arg>expected_status=200</arg>
<doc>Sends a GET request on a previously created HTTP Session.</doc>
<msg timestamp="20230813 19:51:01.515" level="INFO">GET Request : url=http://localhost:8080/api/v1/computeBaconNumber?actorId=nm0000102 
 path_url=/api/v1/computeBaconNumber?actorId=nm0000102 
 headers={'User-Agent': 'python-requests/2.31.0', 'Accept-Encoding': 'gzip, deflate', 'Accept': '*/*', 'Connection': 'keep-alive', 'Content-Type': 'application/json'} 
 body=None 
 </msg>
<msg timestamp="20230813 19:51:01.516" level="INFO">GET Response : url=http://localhost:8080/api/v1/computeBaconNumber?actorId=nm0000102 
 status=200, reason=OK 
 headers={'Date': 'Sun, 13 Aug 2023 23:51:01 GMT', 'Content-length': '17'} 
 body={"baconNumber":0} 
 </msg>
<msg timestamp="20230813 19:51:01.516" level="INFO">${resp} = &lt;Response [200]&gt;</msg>
<status status="PASS" starttime="20230813 19:51:01.498" endtime="20230813 19:51:01.516"/>
</kw>
<kw name="Dictionary Should Contain Value" library="Collections">
<arg>${resp.json()}</arg>
<arg>${0}</arg>
<doc>Fails if ``value`` is not found from ``dictionary``.</doc>
<status status="PASS" starttime="20230813 19:51:01.517" endtime="20230813 19:51:01.524"/>
</kw>
<timeout value="30 seconds"/>
<status status="PASS" starttime="20230813 19:51:01.496" endtime="20230813 19:51:01.525"/>
</test>
<test id="s1-t20" name="computeBaconNumberFail" line="113">
<kw name="Create Dictionary" library="BuiltIn">
<var>${headers}</var>
<arg>Content-Type=application/json</arg>
<doc>Creates and returns a dictionary based on the given ``items``.</doc>
<msg timestamp="20230813 19:51:01.528" level="INFO">${headers} = {'Content-Type': 'application/json'}</msg>
<status status="PASS" starttime="20230813 19:51:01.528" endtime="20230813 19:51:01.528"/>
</kw>
<kw name="Create Dictionary" library="BuiltIn">
<var>${params}</var>
<arg>actorId=invalid</arg>
<doc>Creates and returns a dictionary based on the given ``items``.</doc>
<msg timestamp="20230813 19:51:01.528" level="INFO">${params} = {'actorId': 'invalid'}</msg>
<status status="PASS" starttime="20230813 19:51:01.528" endtime="20230813 19:51:01.528"/>
</kw>
<kw name="GET On Session" library="RequestsLibrary">
<var>${resp}</var>
<arg>localhost</arg>
<arg>/api/v1/computeBaconNumber</arg>
<arg>params=${params}</arg>
<arg>headers=${headers}</arg>
<arg>expected_status=404</arg>
<doc>Sends a GET request on a previously created HTTP Session.</doc>
<msg timestamp="20230813 19:51:01.540" level="INFO">GET Request : url=http://localhost:8080/api/v1/computeBaconNumber?actorId=invalid 
 path_url=/api/v1/computeBaconNumber?actorId=invalid 
 headers={'User-Agent': 'python-requests/2.31.0', 'Accept-Encoding': 'gzip, deflate', 'Accept': '*/*', 'Connection': 'keep-alive', 'Content-Type': 'application/json'} 
 body=None 
 </msg>
<msg timestamp="20230813 19:51:01.540" level="INFO">GET Response : url=http://localhost:8080/api/v1/computeBaconNumber?actorId=invalid 
 status=404, reason=Not Found 
 headers={'Date': 'Sun, 13 Aug 2023 23:51:01 GMT', 'Transfer-encoding': 'chunked'} 
 body=None 
 </msg>
<msg timestamp="20230813 19:51:01.540" level="INFO">${resp} = &lt;Response [404]&gt;</msg>
<status status="PASS" starttime="20230813 19:51:01.529" endtime="20230813 19:51:01.540"/>
</kw>
<timeout value="30 seconds"/>
<status status="PASS" starttime="20230813 19:51:01.527" endtime="20230813 19:51:01.541"/>
</test>
<test id="s1-t21" name="computeBaconPathPass" line="118">
<kw name="Create Dictionary" library="BuiltIn">
<var>${headers}</var>
<arg>Content-Type=application/json</arg>
<doc>Creates and returns a dictionary based on the given ``items``.</doc>
<msg timestamp="20230813 19:51:01.549" level="INFO">${headers} = {'Content-Type': 'application/json'}</msg>
<status status="PASS" starttime="20230813 19:51:01.549" endtime="20230813 19:51:01.550"/>
</kw>
<kw name="Create Dictionary" library="BuiltIn">
<var>${params}</var>
<arg>actorId=jd1</arg>
<doc>Creates and returns a dictionary based on the given ``items``.</doc>
<msg timestamp="20230813 19:51:01.555" level="INFO">${params} = {'actorId': 'jd1'}</msg>
<status status="PASS" starttime="20230813 19:51:01.552" endtime="20230813 19:51:01.555"/>
</kw>
<kw name="GET On Session" library="RequestsLibrary">
<var>${resp}</var>
<arg>localhost</arg>
<arg>/api/v1/computeBaconPath</arg>
<arg>params=${params}</arg>
<arg>headers=${headers}</arg>
<arg>expected_status=200</arg>
<doc>Sends a GET request on a previously created HTTP Session.</doc>
<msg timestamp="20230813 19:51:01.574" level="INFO">GET Request : url=http://localhost:8080/api/v1/computeBaconPath?actorId=jd1 
 path_url=/api/v1/computeBaconPath?actorId=jd1 
 headers={'User-Agent': 'python-requests/2.31.0', 'Accept-Encoding': 'gzip, deflate', 'Accept': '*/*', 'Connection': 'keep-alive', 'Content-Type': 'application/json'} 
 body=None 
 </msg>
<msg timestamp="20230813 19:51:01.576" level="INFO">GET Response : url=http://localhost:8080/api/v1/computeBaconPath?actorId=jd1 
 status=200, reason=OK 
 headers={'Date': 'Sun, 13 Aug 2023 23:51:01 GMT', 'Content-length': '39'} 
 body={"baconPath":["jd1","pc1","nm0000102"]} 
 </msg>
<msg timestamp="20230813 19:51:01.577" level="INFO">${resp} = &lt;Response [200]&gt;</msg>
<status status="PASS" starttime="20230813 19:51:01.557" endtime="20230813 19:51:01.577"/>
</kw>
<kw name="Get From Dictionary" library="Collections">
<var>${value}</var>
<arg>${resp.json()}</arg>
<arg>baconPath</arg>
<doc>Returns a value from the given ``dictionary`` based on the given ``key``.</doc>
<msg timestamp="20230813 19:51:01.580" level="INFO">${value} = ['jd1', 'pc1', 'nm0000102']</msg>
<status status="PASS" starttime="20230813 19:51:01.578" endtime="20230813 19:51:01.580"/>
</kw>
<kw name="Should Be Equal As Strings" library="BuiltIn">
<arg>${value}</arg>
<arg>['jd1', 'pc1', 'nm0000102']</arg>
<doc>Fails if objects are unequal after converting them to strings.</doc>
<msg timestamp="20230813 19:51:01.587" level="INFO">Argument types are:
&lt;class 'list'&gt;
&lt;class 'str'&gt;</msg>
<status status="PASS" starttime="20230813 19:51:01.581" endtime="20230813 19:51:01.587"/>
</kw>
<timeout value="30 seconds"/>
<status status="PASS" starttime="20230813 19:51:01.545" endtime="20230813 19:51:01.587"/>
</test>
<test id="s1-t22" name="computeBaconPathFail" line="125">
<kw name="Create Dictionary" library="BuiltIn">
<var>${headers}</var>
<arg>Content-Type=application/json</arg>
<doc>Creates and returns a dictionary based on the given ``items``.</doc>
<msg timestamp="20230813 19:51:01.592" level="INFO">${headers} = {'Content-Type': 'application/json'}</msg>
<status status="PASS" starttime="20230813 19:51:01.591" endtime="20230813 19:51:01.592"/>
</kw>
<kw name="Create Dictionary" library="BuiltIn">
<var>${params}</var>
<arg>actorId=actorIdNotExisting</arg>
<doc>Creates and returns a dictionary based on the given ``items``.</doc>
<msg timestamp="20230813 19:51:01.593" level="INFO">${params} = {'actorId': 'actorIdNotExisting'}</msg>
<status status="PASS" starttime="20230813 19:51:01.593" endtime="20230813 19:51:01.593"/>
</kw>
<kw name="GET On Session" library="RequestsLibrary">
<var>${resp}</var>
<arg>localhost</arg>
<arg>/api/v1/computeBaconPath</arg>
<arg>params=${params}</arg>
<arg>headers=${headers}</arg>
<arg>expected_status=404</arg>
<doc>Sends a GET request on a previously created HTTP Session.</doc>
<msg timestamp="20230813 19:51:01.604" level="INFO">GET Request : url=http://localhost:8080/api/v1/computeBaconPath?actorId=actorIdNotExisting 
 path_url=/api/v1/computeBaconPath?actorId=actorIdNotExisting 
 headers={'User-Agent': 'python-requests/2.31.0', 'Accept-Encoding': 'gzip, deflate', 'Accept': '*/*', 'Connection': 'keep-alive', 'Content-Type': 'application/json'} 
 body=None 
 </msg>
<msg timestamp="20230813 19:51:01.604" level="INFO">GET Response : url=http://localhost:8080/api/v1/computeBaconPath?actorId=actorIdNotExisting 
 status=404, reason=Not Found 
 headers={'Date': 'Sun, 13 Aug 2023 23:51:01 GMT', 'Transfer-encoding': 'chunked'} 
 body=None 
 </msg>
<msg timestamp="20230813 19:51:01.604" level="INFO">${resp} = &lt;Response [404]&gt;</msg>
<status status="PASS" starttime="20230813 19:51:01.593" endtime="20230813 19:51:01.604"/>
</kw>
<timeout value="30 seconds"/>
<status status="PASS" starttime="20230813 19:51:01.590" endtime="20230813 19:51:01.605"/>
</test>
<status status="FAIL" starttime="20230813 19:51:00.785" endtime="20230813 19:51:01.608"/>
</suite>
<statistics>
<total>
<stat pass="16" fail="6" skip="0">All Tests</stat>
</total>
<tag>
</tag>
<suite>
<stat pass="16" fail="6" skip="0" id="s1" name="testBooks">testBooks</stat>
</suite>
</statistics>
<errors>
</errors>
</robot>
